<?xml version="1.0" encoding="UTF-8"?>
<!-- Generated by org.testng.reporters.JUnitReportReporter -->
<testsuite hostname="LAPTOP-OP77TC5A" name="test.first.Test2" tests="2" failures="0" timestamp="17 May 2020 15:26:18 GMT" time="0.064" errors="0">
  <testcase name="ploan" time="0.003" classname="test.first.Test2"/>
  <testcase name="DemoTwoPersonalLoan" time="0.061" classname="test.first.Test2"/>
</testsuite> <!-- test.first.Test2 -->
