<?xml version="1.0" encoding="UTF-8"?>
<!-- Generated by org.testng.reporters.JUnitReportReporter -->
<testsuite hostname="LAPTOP-OP77TC5A" name="test.first.Test3" tests="8" failures="0" timestamp="18 May 2020 22:28:32 GMT" time="0.024" errors="0">
  <testcase name="DependentOnOneThing" time="0.002" classname="test.first.Test3"/>
  <testcase name="LoginAPICarLoan" time="0.002" classname="test.first.Test3"/>
  <testcase name="DependentOnOneThing" time="0.003" classname="test.first.Test3"/>
  <testcase name="MobileLoginCarLoan" time="0.002" classname="test.first.Test3"/>
  <testcase name="DependentOnOne" time="0.003" classname="test.first.Test3"/>
  <testcase name="DependentOnOneThing" time="0.004" classname="test.first.Test3"/>
  <testcase name="DependentOnTwo" time="0.004" classname="test.first.Test3"/>
  <testcase name="WebLoginCarLoan" time="0.004" classname="test.first.Test3"/>
</testsuite> <!-- test.first.Test3 -->
