<?xml version="1.0" encoding="UTF-8"?>
<!-- Generated by org.testng.reporters.JUnitReportReporter -->
<testsuite hostname="LAPTOP-OP77TC5A" name="test.first.Test2" tests="2" failures="0" timestamp="17 May 2020 07:31:35 GMT" time="0.008" errors="0">
  <testcase name="ploan" time="0.002" classname="test.first.Test2"/>
  <testcase name="DemoTwoPersonalLoan" time="0.006" classname="test.first.Test2"/>
</testsuite> <!-- test.first.Test2 -->
