<?xml version="1.0" encoding="UTF-8"?>
<!-- Generated by org.testng.reporters.JUnitReportReporter -->
<testsuite hostname="LAPTOP-OP77TC5A" name="test.first.Test4" tests="1" failures="0" timestamp="17 May 2020 07:31:35 GMT" time="0.009" errors="0">
  <testcase name="WebLoginHomeLoan" time="0.009" classname="test.first.Test4"/>
</testsuite> <!-- test.first.Test4 -->
