<?xml version="1.0" encoding="UTF-8"?>
<!-- Generated by org.testng.reporters.JUnitReportReporter -->
<testsuite hostname="LAPTOP-OP77TC5A" name="test.first.Test2" tests="2" failures="0" timestamp="16 Jun 2020 09:03:36 GMT" time="0.002" errors="0">
  <testcase name="DemoTwoPersonalLoan" time="0.001" classname="test.first.Test2"/>
  <testcase name="ploan" time="0.001" classname="test.first.Test2"/>
</testsuite> <!-- test.first.Test2 -->
