<?xml version="1.0" encoding="UTF-8"?>
<!-- Generated by org.testng.reporters.JUnitReportReporter -->
<testsuite hostname="LAPTOP-OP77TC5A" name="test.first.TestOne" tests="2" failures="0" timestamp="16 May 2020 14:03:55 GMT" time="0.011" errors="0">
  <testcase name="Demo" time="0.009" classname="test.first.TestOne"/>
  <testcase name="SecondTest" time="0.002" classname="test.first.TestOne"/>
</testsuite> <!-- test.first.TestOne -->
