<?xml version="1.0" encoding="UTF-8"?>
<!-- Generated by org.testng.reporters.JUnitReportReporter -->
<testsuite hostname="LAPTOP-OP77TC5A" name="test.first.TestTwo" tests="1" failures="0" timestamp="16 May 2020 14:03:55 GMT" time="0.002" errors="0">
  <testcase name="DemoTwoPersonalLoan" time="0.002" classname="test.first.TestTwo"/>
</testsuite> <!-- test.first.TestTwo -->
