<?xml version="1.0" encoding="UTF-8"?>
<!-- Generated by org.testng.reporters.JUnitReportReporter -->
<testsuite hostname="LAPTOP-OP77TC5A" name="test.first.Test4" tests="1" failures="0" timestamp="18 May 2020 22:28:32 GMT" time="0.001" errors="0">
  <testcase name="WebLoginHomeLoan" time="0.001" classname="test.first.Test4"/>
</testsuite> <!-- test.first.Test4 -->
