<?xml version="1.0" encoding="UTF-8"?>
<!-- Generated by org.testng.reporters.JUnitReportReporter -->
<testsuite name="e2eframework.scratch.ApiDemoTest" tests="2" time="182.978" ignored="0" failures="0" timestamp="21 May 2020 14:36:53 GMT" skipped="0" hostname="LAPTOP-OP77TC5A" errors="0">
  <testcase name="apiDemoTest" time="93.964" classname="e2eframework.scratch.ApiDemoTest"/>
  <testcase name="apiDemoTest" time="89.014" classname="e2eframework.scratch.ApiDemoTest"/>
</testsuite> <!-- e2eframework.scratch.ApiDemoTest -->
