<?xml version="1.0" encoding="UTF-8"?>
<!-- Generated by org.testng.reporters.JUnitReportReporter -->
<testsuite name="e2eframework.scratch.ECommerce_TC_CodeOptimized_4" tests="1" time="118.710" ignored="0" failures="0" timestamp="20 May 2020 12:29:45 GMT" skipped="0" hostname="LAPTOP-OP77TC5A" errors="0">
  <testcase name="totalValidation" time="118.710" classname="e2eframework.scratch.ECommerce_TC_CodeOptimized_4"/>
</testsuite> <!-- e2eframework.scratch.ECommerce_TC_CodeOptimized_4 -->
