<?xml version="1.0" encoding="UTF-8"?>
<!-- Generated by org.testng.reporters.JUnitReportReporter -->
<testsuite name="e2eframework.scratch.ApiDemoTest" tests="2" time="75.806" ignored="0" failures="0" timestamp="22 May 2020 13:04:56 GMT" skipped="0" hostname="LAPTOP-OP77TC5A" errors="0">
  <testcase name="apiDemoTest" time="37.171" classname="e2eframework.scratch.ApiDemoTest"/>
  <testcase name="apiDemoTest" time="38.635" classname="e2eframework.scratch.ApiDemoTest"/>
</testsuite> <!-- e2eframework.scratch.ApiDemoTest -->
