<?xml version="1.0" encoding="UTF-8"?>
<!-- Generated by org.testng.reporters.JUnitReportReporter -->
<testsuite name="e2eframework.scratch.EcommerceCodeOptimized4Test" tests="5" time="553.379" ignored="0" failures="0" timestamp="21 May 2020 14:36:53 GMT" skipped="0" hostname="LAPTOP-OP77TC5A" errors="0">
  <testcase name="totalValidation" time="98.348" classname="e2eframework.scratch.EcommerceCodeOptimized4Test"/>
  <testcase name="totalValidation" time="97.291" classname="e2eframework.scratch.EcommerceCodeOptimized4Test"/>
  <testcase name="totalValidation" time="97.141" classname="e2eframework.scratch.EcommerceCodeOptimized4Test"/>
  <testcase name="totalValidation" time="142.354" classname="e2eframework.scratch.EcommerceCodeOptimized4Test"/>
  <testcase name="totalValidation" time="118.245" classname="e2eframework.scratch.EcommerceCodeOptimized4Test"/>
</testsuite> <!-- e2eframework.scratch.EcommerceCodeOptimized4Test -->
