<?xml version="1.0" encoding="UTF-8"?>
<!-- Generated by org.testng.reporters.JUnitReportReporter -->
<testsuite name="e2eframework.scratch.EcommerceCodeOptimized4Test" tests="5" time="253.017" ignored="0" failures="0" timestamp="22 May 2020 13:37:01 GMT" skipped="0" hostname="LAPTOP-OP77TC5A" errors="0">
  <testcase name="totalValidation" time="54.145" classname="e2eframework.scratch.EcommerceCodeOptimized4Test"/>
  <testcase name="totalValidation" time="48.924" classname="e2eframework.scratch.EcommerceCodeOptimized4Test"/>
  <testcase name="totalValidation" time="48.667" classname="e2eframework.scratch.EcommerceCodeOptimized4Test"/>
  <testcase name="totalValidation" time="52.724" classname="e2eframework.scratch.EcommerceCodeOptimized4Test"/>
  <testcase name="totalValidation" time="48.557" classname="e2eframework.scratch.EcommerceCodeOptimized4Test"/>
</testsuite> <!-- e2eframework.scratch.EcommerceCodeOptimized4Test -->
