<?xml version="1.0" encoding="UTF-8"?>
<!-- Generated by org.testng.reporters.JUnitReportReporter -->
<testsuite name="e2eframework.scratch.ApiDemoTest" tests="1" time="50.856" ignored="0" failures="0" timestamp="19 May 2020 16:17:04 GMT" skipped="0" hostname="LAPTOP-OP77TC5A" errors="0">
  <testcase name="apiDemo" time="50.856" classname="e2eframework.scratch.ApiDemoTest"/>
</testsuite> <!-- e2eframework.scratch.ApiDemoTest -->
